<!DOCTYPE html>
<html lang="en">
<head>
        <title>Michal Zimmermann | tag: postgis</title>
        <meta charset="utf-8" />
        <meta name="viewport" content="width=device-width, initial-scale=1.0" />
        <link href="/feed.xml" type="application/rss+xml" rel="alternate" title="Michal Zimmermann Full RSS Feed" />
        <link rel="stylesheet" href="/theme/webassets-external/51f6d10d6d7b972e72c633cdadf65306_foundation.min.css">
        <link rel="stylesheet" href="/theme/webassets-external/f8c76b8fadad6790f713cf1a3ee1ab20_pygment.css">
        <link rel="stylesheet" href="/theme/webassets-external/852031a1b55a4450770e95aa75e5cf77_screen.css">

</head>

<body id="index" class="home">
    <nav class="top-bar" data-topbar role="navigation">
        <ul class="title-area">
            <li class="name">
                <h1><a href="/posts">Home</a></h1>
            </li>
     <!-- Remove the class "menu-icon" to get rid of menu icon. Take out "Menu" to just have icon alone -->
            <li class="toggle-topbar menu-icon"><a href="#"><span></span></a></li>
        </ul>
        <section class="top-bar-section">
    <!-- Right Nav Section -->
            <ul class="right">
                <li><a href="/categories">Categories</a></li>
                <li><a href="/tags">Tags</a></li>
                <li><a href="/feed.xml">RSS feed</a></li>
            </ul>
        </section>
    </nav>
        <div class="row">
          <div class="large-12 columns header">
            <h1><a href="/posts">Michal Zimmermann</a> <small>Pieces of knowledge from the world of GIS.</small></h1>
          </div>
        </div>
        <div class="row">
            <div class="large-12 columns">
<h2 class="text-center">Articles tagged with postgis tag</h2>

    <div class="panel">
        <div class="post-name">
            <h2><a href="/posts/2014/postgis-spatial-indexing-with-st_intersects/" rel="bookmark" title="Permalink to PostGIS Spatial Indexing With ST_Intersects">PostGIS Spatial Indexing With&nbsp;ST_Intersects</a></h2>
            <small>Written on Nov 23, 2014
        and marked as
        <a href="/tag/postgis.html">postgis</a>        | <a href="/category/sql.html">SQL</a>
        </small>
        <section>
            <p><a href="http://postgis.net/docs/ST_Intersects.html">PostGIS docs</a> clearly states that:
    &gt; This function call will automatically include a bounding box comparison that will make use of any indexes that are available on the&nbsp;geometries.</p>
<p>That means (or at least I think so) that you shouldn&#8217;t bother with using <a href="http://postgis.net/docs/reference.html#Operators">operators</a> before calling this&nbsp;function.</p>
<p><a href="http://slides.com/michalzimmermann">I was preparing</a> my second lecture on PostGIS and I was experimenting a bit and came up with an interesting thing on this&nbsp;matter:</p>
<p>Let&#8217;s have two <span class="caps">SQL</span> relations, <code>roads</code> and <code>regions</code>. I would like to retrieve every road that intersects a certain region. Spatial indexes were built beforehand on both&nbsp;tables.</p>
<p>First&nbsp;try:</p>
<div class="highlight"><pre>EXPLAIN ANALYZE SELECT roads.* FROM roads
JOIN regions ON ST_Intersects(roads.geom, regions.geom)
WHERE regions.&quot;NAZEV&quot; = &#39;Jihomoravský&#39;;`
</pre></div>


<p>And here comes the&nbsp;result:</p>
<div class="highlight"><pre>Nested Loop  (cost=4.85..324.26 rows=249 width=214) (actual time=45.102..5101.472 rows=74253 loops=1)
-&gt;  Seq Scan on regions  (cost=0.00..12.62 rows=1 width=32) (actual time=0.015..0.018 rows=1 loops=1)
     Filter: ((&quot;NAZEV&quot;)::text = &#39;Jihomoravský&#39;::text)
     Rows Removed by Filter: 13
-&gt;  Bitmap Heap Scan on roads  (cost=4.85..311.38 rows=25 width=214) (actual time=45.079..4931.495 rows=74253 loops=1)
     Recheck Cond: (geom &amp;&amp; regions.geom)
     Rows Removed by Index Recheck: 154841
     Filter: _st_intersects(geom, regions.geom)
     Rows Removed by Filter: 71212
     -&gt;  Bitmap Index Scan on roads_idx  (cost=0.00..4.85 rows=75 width=0) (actual time=40.142..40.142 rows=145465 loops=1)
           Index Cond: (geom &amp;&amp; regions.geom)
Total runtime: 5181.459 ms
</pre></div>


<p>I was pretty satisfied with the result, I kept digging deeper&nbsp;though.</p>
<p>Second&nbsp;try:</p>
<div class="highlight"><pre>EXPLAIN ANALYZE SELECT roads.* FROM roads
JOIN regions ON roads.geom &amp;&amp; regions.geom
WHERE regions.&quot;NAZEV&quot; = &#39;Jihomoravský&#39; AND ST_Intersects(roads.geom, regions.geom);
</pre></div>


<p>And the&nbsp;result:</p>
<div class="highlight"><pre>Nested Loop  (cost=0.29..21.19 rows=1 width=214) (actual time=3.041..3850.302 rows=74253 loops=1)
-&gt;  Seq Scan on regions  (cost=0.00..12.62 rows=1 width=32) (actual time=0.021..0.024 rows=1 loops=1)
     Filter: ((&quot;NAZEV&quot;)::text = &#39;Jihomoravský&#39;::text)
     Rows Removed by Filter: 13
-&gt;  Index Scan using roads_idx on roads  (cost=0.29..8.55 rows=1 width=214) (actual time=2.938..3681.432 rows=74253 loops=1)
     Index Cond: ((geom &amp;&amp; regions.geom) AND (geom &amp;&amp; regions.geom))
     Filter: _st_intersects(geom, regions.geom)
     Rows Removed by Filter: 71212
Total runtime: 3930.270 ms
</pre></div>


<p>Now there&#8217;s a significant difference between total runtimes of both queries and - more important - also a difference between their query plans. The latter is like <strong>20 % faster</strong>.</p>
<p>I&#8217;m puzzled about this behavior and would appreciate any thoughts on this. Reach me at <a href="http://twitter.com/zimmicz">Twitter</a>, <a href="https://www.linkedin.com/pub/michal-zimmermann/29/8/b30">LinkedIn</a> or e-mail&nbsp;(zimmicz[at]gmail.com).</p>
        </section>
        </div>
    </div>

<div class="pagination">
    <p class="paginator">
            <a href="/tag/postgis.html" class="button">&laquo; Previous page</a>
    </p>
</div>            </div>
        </div>
        <div class="row">
            <div class="large-12 columns footer">
                <footer>
                    <address>
                    Written by <a href="http://www.zimmi.cz">Michal Zimmermann</a>.
                    Proudly powered by <a href="http://getpelican.com/">Pelican</a>,
                    which takes great advantage of <a href="http://python.org">Python</a>.
                    </address><!-- /#about -->
                </footer><!-- /#contentinfo -->
            </div>
        </div>
<script src="/theme/webassets-external/633f060ebe664637871acbe7f7239dc4_jquery.js"></script>
<script src="/theme/webassets-external/4dac46d0971ad87d95db9a138607198c_foundation.min.js"></script>
<script>
$(document).foundation();
</script>
</body>
</html>